<?xml version="1.0" encoding="UTF-8"?>
<!-- Generated by org.testng.reporters.JUnitReportReporter -->
<testsuite hostname="AbhiSneh" failures="0" tests="2" name="cucumber.Options.RunCucumberTests" time="160.470" errors="0" timestamp="2021-09-21T11:59:07 CEST" skipped="0">
  <testcase classname="cucumber.Options.RunCucumberTests" name="runScenario" time="61.370"/>
  <system-out/>
  <testcase classname="cucumber.Options.RunCucumberTests" name="runScenario" time="99.100"/>
  <system-out/>
</testsuite> <!-- cucumber.Options.RunCucumberTests -->
